<?xml version="1.0" encoding="UTF-8"?>
<!-- Generated by org.testng.reporters.JUnitXMLReporter -->
<testsuite hostname="DESKTOP-GPMOM1I" ignored="0" name="Test" tests="2" failures="0" timestamp="01 六月 2018 14:54:10 GMT" time="0.042" errors="0">
  <testcase name="@BeforeTest beforeTest" time="0.0" classname="com.appium.keyword.android.AndroidParallelTest">
    <failure type="org.testng.TestNGException" message="
Parameter &amp;apos;deviceNum&amp;apos; is required by BeforeTest on method beforeTest but has not been marked @Optional or defined
in F:\java\workspace\AppUI-master\testng.xml">
      <![CDATA[org.testng.TestNGException: 
Parameter 'deviceNum' is required by BeforeTest on method beforeTest but has not been marked @Optional or defined
in F:\java\workspace\AppUI-master\testng.xml
... Removed 21 stack frames]]>
    </failure>
  </testcase> <!-- @BeforeTest beforeTest -->
  <testcase name="@BeforeTest beforeTest" time="0.0" classname="com.appium.keyword.android.AndroidSimpleTest">
    <skipped/>
  </testcase> <!-- @BeforeTest beforeTest -->
  <testcase name="@AfterTest afterTest" time="0.0" classname="com.appium.keyword.android.AndroidParallelTest">
    <skipped/>
  </testcase> <!-- @AfterTest afterTest -->
  <testcase name="@AfterTest afterTest" time="0.0" classname="com.appium.keyword.android.AndroidSimpleTest">
    <skipped/>
  </testcase> <!-- @AfterTest afterTest -->
  <testcase name="test" time="0.0" classname="com.appium.keyword.android.AndroidSimpleTest">
    <skipped/>
  </testcase> <!-- test -->
  <testcase name="testLogin" time="0.0" classname="com.appium.keyword.android.AndroidParallelTest">
    <skipped/>
  </testcase> <!-- testLogin -->
</testsuite> <!-- Test -->
