<?xml version="1.0" encoding="UTF-8"?>
<!-- Generated by org.testng.reporters.JUnitXMLReporter -->
<testsuite hostname="DESKTOP-GPMOM1I" ignored="0" name="test2" tests="1" failures="0" timestamp="01 Jun 2018 23:58:21 GMT" time="11.022" errors="0">
  <testcase name="@BeforeTest beforeTest" time="10.952" classname="com.appium.keyword.android.AndroidParallelTest">
    <failure type="io.appium.java_client.service.local.InvalidServerInstanceException" message="Invalid server instance exception has occured: The invalid appium node F:\usr\local\lib\node_modules\appium\build\lib\main.js has been defined">
      <![CDATA[io.appium.java_client.service.local.InvalidServerInstanceException: Invalid server instance exception has occured: The invalid appium node F:\usr\local\lib\node_modules\appium\build\lib\main.js has been defined
at io.appium.java_client.service.local.AppiumServiceBuilder.validateNodeStructure(AppiumServiceBuilder.java:102)
at io.appium.java_client.service.local.AppiumServiceBuilder.checkAppiumJS(AppiumServiceBuilder.java:294)
at io.appium.java_client.service.local.AppiumServiceBuilder.createArgs(AppiumServiceBuilder.java:389)
at org.openqa.selenium.remote.service.DriverService$Builder.build(DriverService.java:332)
at com.appium.service.AppiumManager.startAppiumServerForAndroid(AppiumManager.java:75)
at com.appium.locator.InitLocator.getAndroidLocator(InitLocator.java:105)
at com.appium.keyword.android.AndroidParallelTest.beforeTest(AndroidParallelTest.java:32)
at java.util.concurrent.FutureTask.run(FutureTask.java:266)
at java.util.concurrent.ThreadPoolExecutor.runWorker(ThreadPoolExecutor.java:1142)
at java.util.concurrent.ThreadPoolExecutor$Worker.run(ThreadPoolExecutor.java:617)
at java.lang.Thread.run(Thread.java:748)
Caused by: java.io.IOException: The node F:\usr\local\lib\node_modules\appium\build\lib\main.jsdoesn't exist
at io.appium.java_client.service.local.AppiumServiceBuilder.validateNodeStructure(AppiumServiceBuilder.java:104)
... 25 more
... Removed 15 stack frames]]>
    </failure>
  </testcase> <!-- @BeforeTest beforeTest -->
  <testcase name="@AfterTest afterTest" time="0.0" classname="com.appium.keyword.android.AndroidParallelTest">
    <skipped/>
  </testcase> <!-- @AfterTest afterTest -->
  <testcase name="testLogin" time="0.0" classname="com.appium.keyword.android.AndroidParallelTest">
    <skipped/>
  </testcase> <!-- testLogin -->
</testsuite> <!-- test2 -->
